<?xml version="1.0" encoding="UTF-8"?>
<!-- Generated by org.testng.reporters.JUnitXMLReporter -->
<testsuite ignored="0" hostname="DESKTOP-MDBF8GE" failures="0" tests="2" name="Linux-firefox" time="109.448" errors="0" timestamp="2026-08-17T11:45:57 IST">
  <testcase classname="testCases.TC001_AccountRegistrationTest" name="verify_account_registration" time="0.0">
    <skipped/>
  </testcase> <!-- verify_account_registration -->
  <testcase classname="testCases.TC002_LoginTest" name="verify_login" time="0.004">
    <skipped/>
  </testcase> <!-- verify_login -->
</testsuite> <!-- Linux-firefox -->
