<?xml version="1.0" encoding="UTF-8"?>
<!-- Generated by org.testng.reporters.JUnitReportReporter -->
<testsuite hostname="DESKTOP-MDBF8GE" failures="0" tests="5" name="testCases.TC003_LoginDDT" time="41.339" errors="0" timestamp="2026-08-11T12:15:43 IST" skipped="0">
  <testcase classname="testCases.TC003_LoginDDT" name="verify_loginDDT" time="11.262"/>
  <testcase classname="testCases.TC003_LoginDDT" name="verify_loginDDT" time="4.040"/>
  <testcase classname="testCases.TC003_LoginDDT" name="verify_loginDDT" time="3.712"/>
  <testcase classname="testCases.TC003_LoginDDT" name="verify_loginDDT" time="11.066"/>
  <testcase classname="testCases.TC003_LoginDDT" name="verify_loginDDT" time="11.259"/>
</testsuite> <!-- testCases.TC003_LoginDDT -->
