<?xml version="1.0" encoding="UTF-8"?>
<!-- Generated by org.testng.reporters.JUnitReportReporter -->
<testsuite hostname="DESKTOP-MDBF8GE" failures="0" tests="2" name="testCases.TC001_AccountRegistrationTest" time="15.577" errors="0" timestamp="2026-08-17T15:25:31 IST" skipped="0">
  <testcase classname="testCases.TC001_AccountRegistrationTest" name="verify_account_registration" time="9.171"/>
  <testcase classname="testCases.TC001_AccountRegistrationTest" name="verify_account_registration" time="6.406"/>
</testsuite> <!-- testCases.TC001_AccountRegistrationTest -->
